{
  "0 debug pnpm:scope": {
    "selected": 1
  },
  "1 debug pnpm:package-manifest": {
    "initial": {
      "name": "dash-board",
      "version": "0.0.2",
      "author": {
        "name": "lqxc"
      },
      "private": "true",
      "dependencies": {
        "@glennsl/bs-jest": "*",
        "@jihchi/vite-plugin-rescript": "*",
        "@rescript/react": "*",
        "@ryyppy/rescript-promise": "*",
        "@testing-library/dom": "*",
        "@testing-library/react": "*",
        "@testing-library/react-hooks": "*",
        "@types/jest": "*",
        "@vitejs/plugin-react-refresh": "*",
        "bs-fetch": "*",
        "bs-webapi": "*",
        "postcss": "*",
        "postcss-flexbugs-fixes": "*",
        "postcss-preset-env": "*",
        "react": "*",
        "react-dom": "*",
        "recoil": "*",
        "rescript": "*",
        "rescript-dom-testing-library": "*",
        "rescript-hooks-testing-library": "*",
        "rescript-react-testing-library": "*",
        "rescript-recoil": "*",
        "tailwindcss": "*"
      },
      "module": "commonjs",
      "devDependencies": {
        "prettier": "*",
        "vite": "*"
      },
      "scripts": {
        "re:build": "rescript",
        "re:start": "rescript build -w",
        "vite:start": "vite",
        "vite:build": "vite build"
      }
    },
    "prefix": "/home/lqxc/Projects/dash-board"
  },
  "2 debug pnpm:context": {
    "currentLockfileExists": false,
    "storeDir": "/home/lqxc/.pnpm-store/v3",
    "virtualStoreDir": "/home/lqxc/Projects/dash-board/node_modules/.pnpm"
  },
  "3 debug pnpm:stage": {
    "prefix": "/home/lqxc/Projects/dash-board",
    "stage": "resolution_started"
  },
  "4 debug pnpm:request-retry": {
    "attempt": 1,
    "error": {
      "type": "system",
      "errno": "ECONNRESET",
      "code": "ECONNRESET"
    },
    "maxRetries": 2,
    "method": "GET",
    "timeout": 10000,
    "url": "https://registry.npmjs.org/prettier"
  },
  "5 debug pnpm:request-retry": {
    "attempt": 1,
    "error": {
      "type": "system",
      "errno": "ECONNRESET",
      "code": "ECONNRESET"
    },
    "maxRetries": 2,
    "method": "GET",
    "timeout": 10000,
    "url": "https://registry.npmjs.org/vite"
  },
  "6 debug pnpm:request-retry": {
    "attempt": 1,
    "error": {
      "type": "system",
      "errno": "ECONNRESET",
      "code": "ECONNRESET"
    },
    "maxRetries": 2,
    "method": "GET",
    "timeout": 10000,
    "url": "https://registry.npmjs.org/@glennsl%2Fbs-jest"
  },
  "7 debug pnpm:request-retry": {
    "attempt": 1,
    "error": {
      "type": "system",
      "errno": "ECONNRESET",
      "code": "ECONNRESET"
    },
    "maxRetries": 2,
    "method": "GET",
    "timeout": 10000,
    "url": "https://registry.npmjs.org/@jihchi%2Fvite-plugin-rescript"
  },
  "8 debug pnpm:request-retry": {
    "attempt": 1,
    "error": {
      "type": "system",
      "errno": "ECONNRESET",
      "code": "ECONNRESET"
    },
    "maxRetries": 2,
    "method": "GET",
    "timeout": 10000,
    "url": "https://registry.npmjs.org/@rescript%2Freact"
  },
  "9 debug pnpm:request-retry": {
    "attempt": 1,
    "error": {
      "type": "system",
      "errno": "ECONNRESET",
      "code": "ECONNRESET"
    },
    "maxRetries": 2,
    "method": "GET",
    "timeout": 10000,
    "url": "https://registry.npmjs.org/@ryyppy%2Frescript-promise"
  },
  "10 debug pnpm:request-retry": {
    "attempt": 1,
    "error": {
      "type": "system",
      "errno": "ECONNRESET",
      "code": "ECONNRESET"
    },
    "maxRetries": 2,
    "method": "GET",
    "timeout": 10000,
    "url": "https://registry.npmjs.org/@testing-library%2Fdom"
  },
  "11 debug pnpm:request-retry": {
    "attempt": 1,
    "error": {
      "type": "system",
      "errno": "ECONNRESET",
      "code": "ECONNRESET"
    },
    "maxRetries": 2,
    "method": "GET",
    "timeout": 10000,
    "url": "https://registry.npmjs.org/@testing-library%2Freact"
  },
  "12 debug pnpm:request-retry": {
    "attempt": 1,
    "error": {
      "type": "system",
      "errno": "ECONNRESET",
      "code": "ECONNRESET"
    },
    "maxRetries": 2,
    "method": "GET",
    "timeout": 10000,
    "url": "https://registry.npmjs.org/@testing-library%2Freact-hooks"
  },
  "13 debug pnpm:request-retry": {
    "attempt": 1,
    "error": {
      "type": "system",
      "errno": "ECONNRESET",
      "code": "ECONNRESET"
    },
    "maxRetries": 2,
    "method": "GET",
    "timeout": 10000,
    "url": "https://registry.npmjs.org/@types%2Fjest"
  },
  "14 debug pnpm:request-retry": {
    "attempt": 1,
    "error": {
      "type": "system",
      "errno": "ECONNRESET",
      "code": "ECONNRESET"
    },
    "maxRetries": 2,
    "method": "GET",
    "timeout": 10000,
    "url": "https://registry.npmjs.org/@vitejs%2Fplugin-react-refresh"
  },
  "15 debug pnpm:request-retry": {
    "attempt": 1,
    "error": {
      "type": "system",
      "errno": "ECONNRESET",
      "code": "ECONNRESET"
    },
    "maxRetries": 2,
    "method": "GET",
    "timeout": 10000,
    "url": "https://registry.npmjs.org/bs-fetch"
  },
  "16 debug pnpm:request-retry": {
    "attempt": 1,
    "error": {
      "type": "system",
      "errno": "ECONNRESET",
      "code": "ECONNRESET"
    },
    "maxRetries": 2,
    "method": "GET",
    "timeout": 10000,
    "url": "https://registry.npmjs.org/bs-webapi"
  },
  "17 debug pnpm:request-retry": {
    "attempt": 1,
    "error": {
      "type": "system",
      "errno": "ECONNRESET",
      "code": "ECONNRESET"
    },
    "maxRetries": 2,
    "method": "GET",
    "timeout": 10000,
    "url": "https://registry.npmjs.org/postcss"
  },
  "18 debug pnpm:request-retry": {
    "attempt": 1,
    "error": {
      "type": "system",
      "errno": "ECONNRESET",
      "code": "ECONNRESET"
    },
    "maxRetries": 2,
    "method": "GET",
    "timeout": 10000,
    "url": "https://registry.npmjs.org/postcss-flexbugs-fixes"
  },
  "19 debug pnpm:request-retry": {
    "attempt": 1,
    "error": {
      "type": "system",
      "errno": "ECONNRESET",
      "code": "ECONNRESET"
    },
    "maxRetries": 2,
    "method": "GET",
    "timeout": 10000,
    "url": "https://registry.npmjs.org/postcss-preset-env"
  },
  "20 debug pnpm:request-retry": {
    "attempt": 2,
    "error": {
      "type": "system",
      "errno": "ECONNRESET",
      "code": "ECONNRESET"
    },
    "maxRetries": 2,
    "method": "GET",
    "timeout": 60000,
    "url": "https://registry.npmjs.org/prettier"
  },
  "21 debug pnpm:request-retry": {
    "attempt": 2,
    "error": {
      "type": "system",
      "errno": "ECONNRESET",
      "code": "ECONNRESET"
    },
    "maxRetries": 2,
    "method": "GET",
    "timeout": 60000,
    "url": "https://registry.npmjs.org/vite"
  },
  "22 debug pnpm:request-retry": {
    "attempt": 2,
    "error": {
      "type": "system",
      "errno": "ECONNRESET",
      "code": "ECONNRESET"
    },
    "maxRetries": 2,
    "method": "GET",
    "timeout": 60000,
    "url": "https://registry.npmjs.org/@glennsl%2Fbs-jest"
  },
  "23 debug pnpm:request-retry": {
    "attempt": 2,
    "error": {
      "type": "system",
      "errno": "ECONNRESET",
      "code": "ECONNRESET"
    },
    "maxRetries": 2,
    "method": "GET",
    "timeout": 60000,
    "url": "https://registry.npmjs.org/@jihchi%2Fvite-plugin-rescript"
  },
  "24 debug pnpm:request-retry": {
    "attempt": 2,
    "error": {
      "type": "system",
      "errno": "ECONNRESET",
      "code": "ECONNRESET"
    },
    "maxRetries": 2,
    "method": "GET",
    "timeout": 60000,
    "url": "https://registry.npmjs.org/@rescript%2Freact"
  },
  "25 debug pnpm:request-retry": {
    "attempt": 2,
    "error": {
      "type": "system",
      "errno": "ECONNRESET",
      "code": "ECONNRESET"
    },
    "maxRetries": 2,
    "method": "GET",
    "timeout": 60000,
    "url": "https://registry.npmjs.org/@ryyppy%2Frescript-promise"
  },
  "26 debug pnpm:request-retry": {
    "attempt": 2,
    "error": {
      "type": "system",
      "errno": "ECONNRESET",
      "code": "ECONNRESET"
    },
    "maxRetries": 2,
    "method": "GET",
    "timeout": 60000,
    "url": "https://registry.npmjs.org/@testing-library%2Fdom"
  },
  "27 debug pnpm:request-retry": {
    "attempt": 2,
    "error": {
      "type": "system",
      "errno": "ECONNRESET",
      "code": "ECONNRESET"
    },
    "maxRetries": 2,
    "method": "GET",
    "timeout": 60000,
    "url": "https://registry.npmjs.org/@testing-library%2Freact"
  },
  "28 debug pnpm:request-retry": {
    "attempt": 2,
    "error": {
      "type": "system",
      "errno": "ECONNRESET",
      "code": "ECONNRESET"
    },
    "maxRetries": 2,
    "method": "GET",
    "timeout": 60000,
    "url": "https://registry.npmjs.org/@testing-library%2Freact-hooks"
  },
  "29 debug pnpm:request-retry": {
    "attempt": 2,
    "error": {
      "type": "system",
      "errno": "ECONNRESET",
      "code": "ECONNRESET"
    },
    "maxRetries": 2,
    "method": "GET",
    "timeout": 60000,
    "url": "https://registry.npmjs.org/@types%2Fjest"
  },
  "30 debug pnpm:request-retry": {
    "attempt": 2,
    "error": {
      "type": "system",
      "errno": "ECONNRESET",
      "code": "ECONNRESET"
    },
    "maxRetries": 2,
    "method": "GET",
    "timeout": 60000,
    "url": "https://registry.npmjs.org/@vitejs%2Fplugin-react-refresh"
  },
  "31 debug pnpm:request-retry": {
    "attempt": 2,
    "error": {
      "type": "system",
      "errno": "ECONNRESET",
      "code": "ECONNRESET"
    },
    "maxRetries": 2,
    "method": "GET",
    "timeout": 60000,
    "url": "https://registry.npmjs.org/bs-fetch"
  },
  "32 debug pnpm:request-retry": {
    "attempt": 2,
    "error": {
      "type": "system",
      "errno": "ECONNRESET",
      "code": "ECONNRESET"
    },
    "maxRetries": 2,
    "method": "GET",
    "timeout": 60000,
    "url": "https://registry.npmjs.org/bs-webapi"
  },
  "33 debug pnpm:request-retry": {
    "attempt": 2,
    "error": {
      "type": "system",
      "errno": "ECONNRESET",
      "code": "ECONNRESET"
    },
    "maxRetries": 2,
    "method": "GET",
    "timeout": 60000,
    "url": "https://registry.npmjs.org/postcss"
  },
  "34 debug pnpm:request-retry": {
    "attempt": 2,
    "error": {
      "type": "system",
      "errno": "ECONNRESET",
      "code": "ECONNRESET"
    },
    "maxRetries": 2,
    "method": "GET",
    "timeout": 60000,
    "url": "https://registry.npmjs.org/postcss-flexbugs-fixes"
  },
  "35 debug pnpm:request-retry": {
    "attempt": 2,
    "error": {
      "type": "system",
      "errno": "ECONNRESET",
      "code": "ECONNRESET"
    },
    "maxRetries": 2,
    "method": "GET",
    "timeout": 60000,
    "url": "https://registry.npmjs.org/postcss-preset-env"
  },
  "36 error pnpm": {
    "code": "ERR_PNPM_META_FETCH_FAIL",
    "attempts": 1,
    "pkgsStack": [],
    "err": {
      "name": "pnpm",
      "message": "GET https://registry.npmjs.org/@jihchi%2Fvite-plugin-rescript: request to https://registry.npmjs.org/@jihchi%2Fvite-plugin-rescript failed, reason: Client network socket disconnected before secure TLS connection was established",
      "code": "ERR_PNPM_META_FETCH_FAIL",
      "stack": "pnpm: GET https://registry.npmjs.org/@jihchi%2Fvite-plugin-rescript: request to https://registry.npmjs.org/@jihchi%2Fvite-plugin-rescript failed, reason: Client network socket disconnected before secure TLS connection was established\n    at RetryOperation._fn (/usr/lib/node_modules/pnpm/dist/pnpm.cjs:85461:19)\n    at processTicksAndRejections (node:internal/process/task_queues:96:5)"
    }
  }
}